035 (12909.-01.000) 2022-03-27 20:17:33 Cluster submitted from host: <141.52.67.161:9618?addrs=141.52.67.161-9618+[2a00-1398-4-b001-ae1f-6bff-febc-f152]-9618&alias=iklx288.ikp.kit.edu&noUDP&sock=schedd_2817_ce61>
...
000 (12909.000.000) 2022-03-27 20:17:33 Job submitted from host: <141.52.67.161:9618?addrs=141.52.67.161-9618+[2a00-1398-4-b001-ae1f-6bff-febc-f152]-9618&alias=iklx288.ikp.kit.edu&noUDP&sock=schedd_2817_ce61>
...
040 (12909.000.000) 2022-03-27 20:17:39 Started transferring input files
	Transferring to host: <141.52.67.92:9618?addrs=141.52.67.92-9618+[2a00-1398-4-b001-ae1f-6bff-feab-1f38]-9618&alias=crc2.ikp.kit.edu&noUDP&sock=slot1_1_3916600_c31c_31341>
...
040 (12909.000.000) 2022-03-27 20:17:39 Finished transferring input files
...
001 (12909.000.000) 2022-03-27 20:17:40 Job executing on host: <141.52.67.92:9618?addrs=141.52.67.92-9618+[2a00-1398-4-b001-ae1f-6bff-feab-1f38]-9618&alias=crc2.ikp.kit.edu&noUDP&sock=startd_3916432_2cf6>
...
006 (12909.000.000) 2022-03-27 20:17:40 Image size of job updated: 924
	0  -  MemoryUsage of job (MB)
	0  -  ResidentSetSize of job (KB)
...
040 (12909.000.000) 2022-03-27 20:17:40 Started transferring output files
...
040 (12909.000.000) 2022-03-27 20:17:40 Finished transferring output files
...
005 (12909.000.000) 2022-03-27 20:17:40 Job terminated.
	(1) Normal termination (return value 1)
		Usr 0 00:00:01, Sys 0 00:00:00  -  Run Remote Usage
		Usr 0 00:00:00, Sys 0 00:00:00  -  Run Local Usage
		Usr 0 00:00:01, Sys 0 00:00:00  -  Total Remote Usage
		Usr 0 00:00:00, Sys 0 00:00:00  -  Total Local Usage
	189  -  Run Bytes Sent By Job
	13200  -  Run Bytes Received By Job
	189  -  Total Bytes Sent By Job
	13200  -  Total Bytes Received By Job
	Partitionable Resources :    Usage  Request Allocated 
	   Cpus                 :                 1         1 
	   Disk (KB)            :       26   100000   1202965 
	   Gpus (Average)       :                           0 
	   Memory (MB)          :        0    30720     30720 
	   xCpus                :                           1 

	Job terminated of its own accord at 2022-03-27T18:17:40Z with exit-code 1.
...
036 (12909.-01.000) 2022-03-27 20:17:40 Cluster removed
	Materialized 1 jobs from 0 items.	Complete
...
035 (12910.-01.000) 2022-03-27 20:18:22 Cluster submitted from host: <141.52.67.161:9618?addrs=141.52.67.161-9618+[2a00-1398-4-b001-ae1f-6bff-febc-f152]-9618&alias=iklx288.ikp.kit.edu&noUDP&sock=schedd_2817_ce61>
...
000 (12910.000.000) 2022-03-27 20:18:22 Job submitted from host: <141.52.67.161:9618?addrs=141.52.67.161-9618+[2a00-1398-4-b001-ae1f-6bff-febc-f152]-9618&alias=iklx288.ikp.kit.edu&noUDP&sock=schedd_2817_ce61>
...
040 (12910.000.000) 2022-03-27 20:18:22 Started transferring input files
	Transferring to host: <141.52.67.92:9618?addrs=141.52.67.92-9618+[2a00-1398-4-b001-ae1f-6bff-feab-1f38]-9618&alias=crc2.ikp.kit.edu&noUDP&sock=slot1_1_3916600_c31c_31342>
...
040 (12910.000.000) 2022-03-27 20:18:22 Finished transferring input files
...
001 (12910.000.000) 2022-03-27 20:18:23 Job executing on host: <141.52.67.92:9618?addrs=141.52.67.92-9618+[2a00-1398-4-b001-ae1f-6bff-feab-1f38]-9618&alias=crc2.ikp.kit.edu&noUDP&sock=startd_3916432_2cf6>
...
006 (12910.000.000) 2022-03-27 20:18:32 Image size of job updated: 161204
	46  -  MemoryUsage of job (MB)
	46760  -  ResidentSetSize of job (KB)
...
006 (12910.000.000) 2022-03-27 20:18:54 Image size of job updated: 1286692
	46  -  MemoryUsage of job (MB)
	46760  -  ResidentSetSize of job (KB)
...
040 (12910.000.000) 2022-03-27 20:18:54 Started transferring output files
...
040 (12910.000.000) 2022-03-27 20:18:54 Finished transferring output files
...
005 (12910.000.000) 2022-03-27 20:18:54 Job terminated.
	(1) Normal termination (return value 1)
		Usr 0 00:00:02, Sys 0 00:00:01  -  Run Remote Usage
		Usr 0 00:00:00, Sys 0 00:00:00  -  Run Local Usage
		Usr 0 00:00:02, Sys 0 00:00:01  -  Total Remote Usage
		Usr 0 00:00:00, Sys 0 00:00:00  -  Total Local Usage
	674  -  Run Bytes Sent By Job
	118  -  Run Bytes Received By Job
	674  -  Total Bytes Sent By Job
	118  -  Total Bytes Received By Job
	Partitionable Resources :    Usage  Request Allocated 
	   Cpus                 :                 1         1 
	   Disk (KB)            :       14   100000   1202965 
	   Gpus (Average)       :                           0 
	   Memory (MB)          :       46    30720     30720 
	   xCpus                :                           1 

	Job terminated of its own accord at 2022-03-27T18:18:54Z with exit-code 1.
...
036 (12910.-01.000) 2022-03-27 20:18:54 Cluster removed
	Materialized 1 jobs from 0 items.	Complete
...
035 (12911.-01.000) 2022-03-27 20:20:51 Cluster submitted from host: <141.52.67.161:9618?addrs=141.52.67.161-9618+[2a00-1398-4-b001-ae1f-6bff-febc-f152]-9618&alias=iklx288.ikp.kit.edu&noUDP&sock=schedd_2817_ce61>
...
000 (12911.000.000) 2022-03-27 20:20:51 Job submitted from host: <141.52.67.161:9618?addrs=141.52.67.161-9618+[2a00-1398-4-b001-ae1f-6bff-febc-f152]-9618&alias=iklx288.ikp.kit.edu&noUDP&sock=schedd_2817_ce61>
...
040 (12911.000.000) 2022-03-27 20:20:51 Started transferring input files
	Transferring to host: <141.52.67.92:9618?addrs=141.52.67.92-9618+[2a00-1398-4-b001-ae1f-6bff-feab-1f38]-9618&alias=crc2.ikp.kit.edu&noUDP&sock=slot1_1_3916600_c31c_31343>
...
040 (12911.000.000) 2022-03-27 20:20:51 Finished transferring input files
...
001 (12911.000.000) 2022-03-27 20:20:52 Job executing on host: <141.52.67.92:9618?addrs=141.52.67.92-9618+[2a00-1398-4-b001-ae1f-6bff-feab-1f38]-9618&alias=crc2.ikp.kit.edu&noUDP&sock=startd_3916432_2cf6>
...
006 (12911.000.000) 2022-03-27 20:21:00 Image size of job updated: 1292512
	1110  -  MemoryUsage of job (MB)
	1135828  -  ResidentSetSize of job (KB)
...
006 (12911.000.000) 2022-03-27 20:26:00 Image size of job updated: 9554924
	3387  -  MemoryUsage of job (MB)
	3467372  -  ResidentSetSize of job (KB)
...
006 (12911.000.000) 2022-03-27 20:31:00 Image size of job updated: 9554924
	3440  -  MemoryUsage of job (MB)
	3521572  -  ResidentSetSize of job (KB)
...
006 (12911.000.000) 2022-03-27 20:36:00 Image size of job updated: 9564980
	3449  -  MemoryUsage of job (MB)
	3531636  -  ResidentSetSize of job (KB)
...
006 (12911.000.000) 2022-03-27 20:41:01 Image size of job updated: 9566004
	3449  -  MemoryUsage of job (MB)
	3531636  -  ResidentSetSize of job (KB)
...
006 (12911.000.000) 2022-03-27 20:46:02 Image size of job updated: 9631796
	3449  -  MemoryUsage of job (MB)
	3531636  -  ResidentSetSize of job (KB)
...
006 (12911.000.000) 2022-03-27 20:51:02 Image size of job updated: 9631796
	3471  -  MemoryUsage of job (MB)
	3553828  -  ResidentSetSize of job (KB)
...
006 (12911.000.000) 2022-03-27 20:56:02 Image size of job updated: 9631796
	3471  -  MemoryUsage of job (MB)
	3554092  -  ResidentSetSize of job (KB)
...
006 (12911.000.000) 2022-03-27 21:01:04 Image size of job updated: 9632052
	4326  -  MemoryUsage of job (MB)
	4428816  -  ResidentSetSize of job (KB)
...
006 (12911.000.000) 2022-03-27 21:41:07 Image size of job updated: 9632052
	4331  -  MemoryUsage of job (MB)
	4434920  -  ResidentSetSize of job (KB)
...
006 (12911.000.000) 2022-03-27 21:56:08 Image size of job updated: 9632308
	4331  -  MemoryUsage of job (MB)
	4434920  -  ResidentSetSize of job (KB)
...
006 (12911.000.000) 2022-03-27 22:01:09 Image size of job updated: 9632308
	4339  -  MemoryUsage of job (MB)
	4442300  -  ResidentSetSize of job (KB)
...
006 (12911.000.000) 2022-03-27 22:21:10 Image size of job updated: 9990368
	4339  -  MemoryUsage of job (MB)
	4442300  -  ResidentSetSize of job (KB)
...
006 (12911.000.000) 2022-03-27 22:31:11 Image size of job updated: 10018116
	4339  -  MemoryUsage of job (MB)
	4442300  -  ResidentSetSize of job (KB)
...
040 (12911.000.000) 2022-03-27 22:47:20 Started transferring output files
...
040 (12911.000.000) 2022-03-27 22:47:20 Finished transferring output files
...
005 (12911.000.000) 2022-03-27 22:47:20 Job terminated.
	(1) Normal termination (return value 0)
		Usr 0 07:02:59, Sys 0 01:09:53  -  Run Remote Usage
		Usr 0 00:00:00, Sys 0 00:00:00  -  Run Local Usage
		Usr 0 07:02:59, Sys 0 01:09:53  -  Total Remote Usage
		Usr 0 00:00:00, Sys 0 00:00:00  -  Total Local Usage
	2593  -  Run Bytes Sent By Job
	118  -  Run Bytes Received By Job
	2593  -  Total Bytes Sent By Job
	118  -  Total Bytes Received By Job
	Partitionable Resources :    Usage  Request Allocated 
	   Cpus                 :     1.73        1         1 
	   Disk (KB)            :    29      100000   1202965 
	   Gpus (Average)       :                           0 
	   Memory (MB)          :  4339       30720     30720 
	   xCpus                :                           1 

	Job terminated of its own accord at 2022-03-27T20:47:20Z with exit-code 0.
...
036 (12911.-01.000) 2022-03-27 22:47:20 Cluster removed
	Materialized 1 jobs from 0 items.	Complete
...
