035 (54783.-01.000) 2023-04-03 08:43:40 Cluster submitted from host: <141.52.67.162:9618?addrs=141.52.67.162-9618+[2a00-1398-4-b001-a236-9fff-fec1-b818]-9618&alias=crcws02.iap.kit.edu&noUDP&sock=schedd_491406_3898>
...
000 (54783.000.000) 2023-04-03 08:43:40 Job submitted from host: <141.52.67.162:9618?addrs=141.52.67.162-9618+[2a00-1398-4-b001-a236-9fff-fec1-b818]-9618&alias=crcws02.iap.kit.edu&noUDP&sock=schedd_491406_3898>
...
040 (54783.000.000) 2023-04-03 08:43:42 Started transferring input files
	Transferring to host: <141.52.67.91:9618?addrs=141.52.67.91-9618+[2a00-1398-4-b001-ae1f-6bff-feab-1e1e]-9618&alias=crc1&noUDP&sock=slot1_3_2100_63ce_16510>
...
040 (54783.000.000) 2023-04-03 08:43:42 Finished transferring input files
...
001 (54783.000.000) 2023-04-03 08:43:43 Job executing on host: <141.52.67.91:9618?addrs=141.52.67.91-9618+[2a00-1398-4-b001-ae1f-6bff-feab-1e1e]-9618&alias=crc1&noUDP&sock=startd_1565_09ce>
...
006 (54783.000.000) 2023-04-08 23:50:38 Image size of job updated: 1
	0  -  MemoryUsage of job (MB)
	0  -  ResidentSetSize of job (KB)
...
040 (54783.000.000) 2023-04-08 23:50:38 Started transferring output files
...
040 (54783.000.000) 2023-04-08 23:50:39 Finished transferring output files
...
005 (54783.000.000) 2023-04-08 23:50:39 Job terminated.
	(1) Normal termination (return value 0)
		Usr 5 07:08:32, Sys 0 05:48:26  -  Run Remote Usage
		Usr 0 00:00:00, Sys 0 00:00:00  -  Run Local Usage
		Usr 5 07:08:32, Sys 0 05:48:26  -  Total Remote Usage
		Usr 0 00:00:00, Sys 0 00:00:00  -  Total Local Usage
	167206560  -  Run Bytes Sent By Job
	482546  -  Run Bytes Received By Job
	167206560  -  Total Bytes Sent By Job
	482546  -  Total Bytes Received By Job
	Partitionable Resources :     Usage  Request Allocated 
	   Cpus                 :      0.99        1         1 
	   Disk (KB)            : 163779      100000   3049891 
	   Gpus (Average)       :                            0 
	   Memory (MB)          :      0        5120      5120 
	   xCpus                :                            1 

	Job terminated of its own accord at 2023-04-08T23:50:38Z with exit-code 0.
...
036 (54783.-01.000) 2023-04-08 23:50:39 Cluster removed
	Materialized 1 jobs from 0 items.	Complete
...
