000 (12860.000.000) 2022-03-15 17:54:37 Job submitted from host: <141.52.67.161:9618?addrs=141.52.67.161-9618+[2a00-1398-4-b001-ae1f-6bff-febc-f152]-9618&alias=iklx288.ikp.kit.edu&noUDP&sock=schedd_2817_ce61>
...
040 (12860.000.000) 2022-03-15 17:54:37 Started transferring input files
	Transferring to host: <141.52.67.201:9618?addrs=141.52.67.201-9618+[2a00-1398-4-b001-a236-9fff-febf-7f3e]-9618&alias=crc201.iap.kit.edu&noUDP&sock=slot1_1_19099_b922_6340>
...
040 (12860.000.000) 2022-03-15 17:54:37 Finished transferring input files
...
001 (12860.000.000) 2022-03-15 17:54:38 Job executing on host: <141.52.67.201:9618?addrs=141.52.67.201-9618+[2a00-1398-4-b001-a236-9fff-febf-7f3e]-9618&alias=crc201.iap.kit.edu&noUDP&sock=startd_19018_5839>
...
006 (12860.000.000) 2022-03-15 17:54:47 Image size of job updated: 296072
	213  -  MemoryUsage of job (MB)
	217952  -  ResidentSetSize of job (KB)
...
004 (12860.000.000) 2022-03-15 18:02:07 Job was evicted.
	(0) CPU times
		Usr 0 00:00:09, Sys 0 00:00:03  -  Run Remote Usage
		Usr 0 00:00:00, Sys 0 00:00:00  -  Run Local Usage
	0  -  Run Bytes Sent By Job
	580  -  Run Bytes Received By Job
	Partitionable Resources :    Usage  Request Allocated 
	   Cpus                 :     0.00        1         1 
	   Disk (KB)            :    43      100000   1762491 
	   Gpus (Average)       :                           0 
	   Memory (MB)          :   213         500       512 
	   xCpus                :                           1 
...
009 (12860.000.000) 2022-03-15 18:02:07 Job was aborted.
	via condor_rm (by user filip)
...
000 (12863.000.000) 2022-03-15 18:03:23 Job submitted from host: <141.52.67.161:9618?addrs=141.52.67.161-9618+[2a00-1398-4-b001-ae1f-6bff-febc-f152]-9618&alias=iklx288.ikp.kit.edu&noUDP&sock=schedd_2817_ce61>
...
040 (12863.000.000) 2022-03-15 18:03:23 Started transferring input files
	Transferring to host: <141.52.67.201:9618?addrs=141.52.67.201-9618+[2a00-1398-4-b001-a236-9fff-febf-7f3e]-9618&alias=crc201.iap.kit.edu&noUDP&sock=slot1_1_19099_b922_6343>
...
040 (12863.000.000) 2022-03-15 18:03:23 Finished transferring input files
...
001 (12863.000.000) 2022-03-15 18:03:24 Job executing on host: <141.52.67.201:9618?addrs=141.52.67.201-9618+[2a00-1398-4-b001-a236-9fff-febf-7f3e]-9618&alias=crc201.iap.kit.edu&noUDP&sock=startd_19018_5839>
...
006 (12863.000.000) 2022-03-15 18:03:33 Image size of job updated: 289788
	219  -  MemoryUsage of job (MB)
	223920  -  ResidentSetSize of job (KB)
...
006 (12863.000.000) 2022-03-15 18:08:34 Image size of job updated: 42950940960
	222  -  MemoryUsage of job (MB)
	226428  -  ResidentSetSize of job (KB)
...
006 (12863.000.000) 2022-03-15 18:43:38 Image size of job updated: 42950946568
	300  -  MemoryUsage of job (MB)
	306648  -  ResidentSetSize of job (KB)
...
006 (12863.000.000) 2022-03-15 18:48:39 Image size of job updated: 42950957016
	300  -  MemoryUsage of job (MB)
	306648  -  ResidentSetSize of job (KB)
...
006 (12863.000.000) 2022-03-16 00:04:12 Image size of job updated: 42950957016
	301  -  MemoryUsage of job (MB)
	307944  -  ResidentSetSize of job (KB)
...
006 (12863.000.000) 2022-03-16 00:09:12 Image size of job updated: 42950957016
	302  -  MemoryUsage of job (MB)
	308340  -  ResidentSetSize of job (KB)
...
040 (12863.000.000) 2022-03-16 00:22:20 Started transferring output files
...
040 (12863.000.000) 2022-03-16 00:22:20 Finished transferring output files
...
005 (12863.000.000) 2022-03-16 00:22:20 Job terminated.
	(1) Normal termination (return value 1)
		Usr 0 05:21:16, Sys 0 00:42:45  -  Run Remote Usage
		Usr 0 00:00:00, Sys 0 00:00:00  -  Run Local Usage
		Usr 0 05:21:16, Sys 0 00:42:45  -  Total Remote Usage
		Usr 0 00:00:00, Sys 0 00:00:00  -  Total Local Usage
	54600536  -  Run Bytes Sent By Job
	482  -  Run Bytes Received By Job
	54600536  -  Total Bytes Sent By Job
	482  -  Total Bytes Received By Job
	Partitionable Resources :    Usage  Request Allocated 
	   Cpus                 :     0.70        1         1 
	   Disk (KB)            : 53340      100000   1762491 
	   Gpus (Average)       :                           0 
	   Memory (MB)          :   302         500       512 
	   xCpus                :                           1 

	Job terminated of its own accord at 2022-03-15T23:22:20Z with exit-code 1.
...
