000 (12861.000.000) 2022-03-15 17:54:44 Job submitted from host: <141.52.67.161:9618?addrs=141.52.67.161-9618+[2a00-1398-4-b001-ae1f-6bff-febc-f152]-9618&alias=iklx288.ikp.kit.edu&noUDP&sock=schedd_2817_ce61>
...
040 (12861.000.000) 2022-03-15 17:54:57 Started transferring input files
	Transferring to host: <141.52.67.201:9618?addrs=141.52.67.201-9618+[2a00-1398-4-b001-a236-9fff-febf-7f3e]-9618&alias=crc201.iap.kit.edu&noUDP&sock=slot1_2_19099_b922_6341>
...
040 (12861.000.000) 2022-03-15 17:54:57 Finished transferring input files
...
001 (12861.000.000) 2022-03-15 17:54:58 Job executing on host: <141.52.67.201:9618?addrs=141.52.67.201-9618+[2a00-1398-4-b001-a236-9fff-febf-7f3e]-9618&alias=crc201.iap.kit.edu&noUDP&sock=startd_19018_5839>
...
006 (12861.000.000) 2022-03-15 17:55:07 Image size of job updated: 139572
	20  -  MemoryUsage of job (MB)
	19780  -  ResidentSetSize of job (KB)
...
006 (12861.000.000) 2022-03-15 18:00:08 Image size of job updated: 140996
	20  -  MemoryUsage of job (MB)
	19780  -  ResidentSetSize of job (KB)
...
004 (12861.000.000) 2022-03-15 18:01:13 Job was evicted.
	(0) CPU times
		Usr 0 00:06:09, Sys 0 00:00:03  -  Run Remote Usage
		Usr 0 00:00:00, Sys 0 00:00:00  -  Run Local Usage
	0  -  Run Bytes Sent By Job
	3915  -  Run Bytes Received By Job
	Partitionable Resources :    Usage  Request Allocated 
	   Cpus                 :     0.99        1         1 
	   Disk (KB)            :    23      100000   1762491 
	   Gpus (Average)       :                           0 
	   Memory (MB)          :    20        2048      2048 
	   xCpus                :                           1 
...
009 (12861.000.000) 2022-03-15 18:01:13 Job was aborted.
	via condor_rm (by user filip)
...
000 (12862.000.000) 2022-03-15 18:01:31 Job submitted from host: <141.52.67.161:9618?addrs=141.52.67.161-9618+[2a00-1398-4-b001-ae1f-6bff-febc-f152]-9618&alias=iklx288.ikp.kit.edu&noUDP&sock=schedd_2817_ce61>
...
040 (12862.000.000) 2022-03-15 18:01:31 Started transferring input files
	Transferring to host: <141.52.67.201:9618?addrs=141.52.67.201-9618+[2a00-1398-4-b001-a236-9fff-febf-7f3e]-9618&alias=crc201.iap.kit.edu&noUDP&sock=slot1_2_19099_b922_6342>
...
040 (12862.000.000) 2022-03-15 18:01:31 Finished transferring input files
...
001 (12862.000.000) 2022-03-15 18:01:32 Job executing on host: <141.52.67.201:9618?addrs=141.52.67.201-9618+[2a00-1398-4-b001-a236-9fff-febf-7f3e]-9618&alias=crc201.iap.kit.edu&noUDP&sock=startd_19018_5839>
...
006 (12862.000.000) 2022-03-15 18:01:33 Image size of job updated: 1188
	0  -  MemoryUsage of job (MB)
	0  -  ResidentSetSize of job (KB)
...
040 (12862.000.000) 2022-03-15 18:01:33 Started transferring output files
...
040 (12862.000.000) 2022-03-15 18:01:33 Finished transferring output files
...
005 (12862.000.000) 2022-03-15 18:01:33 Job terminated.
	(1) Normal termination (return value 1)
		Usr 0 00:00:00, Sys 0 00:00:00  -  Run Remote Usage
		Usr 0 00:00:00, Sys 0 00:00:00  -  Run Local Usage
		Usr 0 00:00:00, Sys 0 00:00:00  -  Total Remote Usage
		Usr 0 00:00:00, Sys 0 00:00:00  -  Total Local Usage
	2480  -  Run Bytes Sent By Job
	4000  -  Run Bytes Received By Job
	2480  -  Total Bytes Sent By Job
	4000  -  Total Bytes Received By Job
	Partitionable Resources :    Usage  Request Allocated 
	   Cpus                 :                 1         1 
	   Disk (KB)            :       18   100000   1762491 
	   Gpus (Average)       :                           0 
	   Memory (MB)          :        0     2048      2048 
	   xCpus                :                           1 

	Job terminated of its own accord at 2022-03-15T17:01:33Z with exit-code 1.
...
000 (12864.000.000) 2022-03-15 18:03:28 Job submitted from host: <141.52.67.161:9618?addrs=141.52.67.161-9618+[2a00-1398-4-b001-ae1f-6bff-febc-f152]-9618&alias=iklx288.ikp.kit.edu&noUDP&sock=schedd_2817_ce61>
...
040 (12864.000.000) 2022-03-15 18:03:43 Started transferring input files
	Transferring to host: <141.52.67.201:9618?addrs=141.52.67.201-9618+[2a00-1398-4-b001-a236-9fff-febf-7f3e]-9618&alias=crc201.iap.kit.edu&noUDP&sock=slot1_2_19099_b922_6344>
...
040 (12864.000.000) 2022-03-15 18:03:43 Finished transferring input files
...
001 (12864.000.000) 2022-03-15 18:03:44 Job executing on host: <141.52.67.201:9618?addrs=141.52.67.201-9618+[2a00-1398-4-b001-a236-9fff-febf-7f3e]-9618&alias=crc201.iap.kit.edu&noUDP&sock=startd_19018_5839>
...
006 (12864.000.000) 2022-03-15 18:03:53 Image size of job updated: 141852
	22  -  MemoryUsage of job (MB)
	21672  -  ResidentSetSize of job (KB)
...
006 (12864.000.000) 2022-03-15 18:08:54 Image size of job updated: 145680
	25  -  MemoryUsage of job (MB)
	24864  -  ResidentSetSize of job (KB)
...
006 (12864.000.000) 2022-03-15 18:13:54 Image size of job updated: 145808
	25  -  MemoryUsage of job (MB)
	25212  -  ResidentSetSize of job (KB)
...
006 (12864.000.000) 2022-03-15 18:23:55 Image size of job updated: 145808
	25  -  MemoryUsage of job (MB)
	25248  -  ResidentSetSize of job (KB)
...
006 (12864.000.000) 2022-03-15 18:28:56 Image size of job updated: 146000
	25  -  MemoryUsage of job (MB)
	25248  -  ResidentSetSize of job (KB)
...
006 (12864.000.000) 2022-03-15 18:38:57 Image size of job updated: 146000
	25  -  MemoryUsage of job (MB)
	25496  -  ResidentSetSize of job (KB)
...
006 (12864.000.000) 2022-03-15 18:43:58 Image size of job updated: 146256
	25  -  MemoryUsage of job (MB)
	25496  -  ResidentSetSize of job (KB)
...
006 (12864.000.000) 2022-03-15 18:59:00 Image size of job updated: 146256
	25  -  MemoryUsage of job (MB)
	25512  -  ResidentSetSize of job (KB)
...
006 (12864.000.000) 2022-03-15 19:34:04 Image size of job updated: 146256
	26  -  MemoryUsage of job (MB)
	25736  -  ResidentSetSize of job (KB)
...
006 (12864.000.000) 2022-03-15 21:29:17 Image size of job updated: 146272
	26  -  MemoryUsage of job (MB)
	25736  -  ResidentSetSize of job (KB)
...
006 (12864.000.000) 2022-03-15 22:09:21 Image size of job updated: 146272
	26  -  MemoryUsage of job (MB)
	25876  -  ResidentSetSize of job (KB)
...
004 (12864.000.000) 2022-03-16 16:15:13 Job was evicted.
	(0) CPU times
		Usr 0 15:32:21, Sys 0 01:59:43  -  Run Remote Usage
		Usr 0 00:00:00, Sys 0 00:00:00  -  Run Local Usage
	0  -  Run Bytes Sent By Job
	3915  -  Run Bytes Received By Job
	Partitionable Resources :    Usage  Request Allocated 
	   Cpus                 :     0.42        1         1 
	   Disk (KB)            :    23      100000   1762491 
	   Gpus (Average)       :                           0 
	   Memory (MB)          :    26        2048      2048 
	   xCpus                :                           1 
...
009 (12864.000.000) 2022-03-16 16:15:13 Job was aborted.
	via condor_rm (by user filip)
...
