035 (12876.-01.000) 2022-03-18 17:23:10 Cluster submitted from host: <141.52.67.161:9618?addrs=141.52.67.161-9618+[2a00-1398-4-b001-ae1f-6bff-febc-f152]-9618&alias=iklx288.ikp.kit.edu&noUDP&sock=schedd_2817_ce61>
...
000 (12876.000.000) 2022-03-18 17:23:10 Job submitted from host: <141.52.67.161:9618?addrs=141.52.67.161-9618+[2a00-1398-4-b001-ae1f-6bff-febc-f152]-9618&alias=iklx288.ikp.kit.edu&noUDP&sock=schedd_2817_ce61>
...
040 (12876.000.000) 2022-03-18 17:23:29 Started transferring input files
	Transferring to host: <141.52.67.201:9618?addrs=141.52.67.201-9618+[2a00-1398-4-b001-a236-9fff-febf-7f3e]-9618&alias=crc201.iap.kit.edu&noUDP&sock=slot1_5_19099_b922_7580>
...
040 (12876.000.000) 2022-03-18 17:23:29 Finished transferring input files
...
001 (12876.000.000) 2022-03-18 17:23:30 Job executing on host: <141.52.67.201:9618?addrs=141.52.67.201-9618+[2a00-1398-4-b001-a236-9fff-febf-7f3e]-9618&alias=crc201.iap.kit.edu&noUDP&sock=startd_19018_5839>
...
006 (12876.000.000) 2022-03-18 17:23:38 Image size of job updated: 32012
	22  -  MemoryUsage of job (MB)
	21980  -  ResidentSetSize of job (KB)
...
006 (12876.000.000) 2022-03-18 17:28:37 Image size of job updated: 146852
	22  -  MemoryUsage of job (MB)
	21980  -  ResidentSetSize of job (KB)
...
040 (12876.000.000) 2022-03-18 17:28:37 Started transferring output files
...
040 (12876.000.000) 2022-03-18 17:28:37 Finished transferring output files
...
005 (12876.000.000) 2022-03-18 17:28:37 Job terminated.
	(1) Normal termination (return value 1)
		Usr 0 00:04:06, Sys 0 00:00:05  -  Run Remote Usage
		Usr 0 00:00:00, Sys 0 00:00:00  -  Run Local Usage
		Usr 0 00:04:06, Sys 0 00:00:05  -  Total Remote Usage
		Usr 0 00:00:00, Sys 0 00:00:00  -  Total Local Usage
	2260  -  Run Bytes Sent By Job
	1115  -  Run Bytes Received By Job
	2260  -  Total Bytes Sent By Job
	1115  -  Total Bytes Received By Job
	Partitionable Resources :    Usage  Request Allocated 
	   Cpus                 :     0.89        1         1 
	   Disk (KB)            :    22      100000   1762491 
	   Gpus (Average)       :                           0 
	   Memory (MB)          :    22        1024      1024 
	   xCpus                :                           1 

	Job terminated of its own accord at 2022-03-18T16:28:37Z with exit-code 1.
...
036 (12876.-01.000) 2022-03-18 17:28:37 Cluster removed
	Materialized 1 jobs from 0 items.	Complete
...
